# JRE version: Java(TM) SE Runtime Environment (17.0.9+11) (build 17.0.9+11-LTS-201)
# Java VM: Java HotSpot(TM) 64-Bit Server VM (17.0.9+11-LTS-201, mixed mode, sharing, tiered, compressed oops, compressed class ptrs, g1 gc, windows-amd64)
GC Precious Log:
 CPUs: 12 total, 12 available
 Memory: 15711M
 Large Page Support: Disabled
 NUMA Support: Disabled
 Compressed Oops: Enabled (Zero based)
 Heap Region Size: 2M
 Heap Min Capacity: 8M
 Heap Initial Capacity: 246M
 Heap Max Capacity: 3G
 Pre-touch: Disabled
 Parallel Workers: 10
 Concurrent Workers: 3
 Concurrent Refinement Workers: 10
 Periodic GC: Disabled
Heap:
 garbage-first heap   total 483328K, used 305586K [0x0000000740000000, 0x0000000800000000)
  region size 2048K, 17 young (34816K), 8 survivors (16384K)
 Metaspace       used 70115K, committed 70912K, reserved 1114112K
  class space    used 9799K, committed 10176K, reserved 1048576K
GC Heap History (20 events):
Event: 9.086 GC heap before
{Heap before GC invocations=36 (full 0):
 garbage-first heap   total 172032K, used 129862K [0x0000000740000000, 0x0000000800000000)
  region size 2048K, 18 young (36864K), 2 survivors (4096K)
 Metaspace       used 63027K, committed 63808K, reserved 1114112K
  class space    used 8820K, committed 9152K, reserved 1048576K
}
Event: 9.089 GC heap after
{Heap after GC invocations=37 (full 0):
 garbage-first heap   total 172032K, used 103090K [0x0000000740000000, 0x0000000800000000)
  region size 2048K, 3 young (6144K), 3 survivors (6144K)
 Metaspace       used 63027K, committed 63808K, reserved 1114112K
  class space    used 8820K, committed 9152K, reserved 1048576K
}
Event: 9.166 GC heap before
{Heap before GC invocations=38 (full 0):
 garbage-first heap   total 188416K, used 109234K [0x0000000740000000, 0x0000000800000000)
  region size 2048K, 5 young (10240K), 3 survivors (6144K)
 Metaspace       used 63318K, committed 64000K, reserved 1114112K
  class space    used 8858K, committed 9152K, reserved 1048576K
}
Event: 9.169 GC heap after
{Heap after GC invocations=39 (full 0):
 garbage-first heap   total 188416K, used 103386K [0x0000000740000000, 0x0000000800000000)
  region size 2048K, 2 young (4096K), 2 survivors (4096K)
 Metaspace       used 63318K, committed 64000K, reserved 1114112K
  class space    used 8858K, committed 9152K, reserved 1048576K
}
Event: 9.227 GC heap before
{Heap before GC invocations=40 (full 0):
 garbage-first heap   total 192512K, used 109530K [0x0000000740000000, 0x0000000800000000)
  region size 2048K, 3 young (6144K), 2 survivors (4096K)
 Metaspace       used 63322K, committed 64000K, reserved 1114112K
  class space    used 8858K, committed 9152K, reserved 1048576K
}
Event: 9.229 GC heap after
{Heap after GC invocations=41 (full 0):
 garbage-first heap   total 231424K, used 103216K [0x0000000740000000, 0x0000000800000000)
  region size 2048K, 2 young (4096K), 2 survivors (4096K)
 Metaspace       used 63322K, committed 64000K, reserved 1114112K
  class space    used 8858K, committed 9152K, reserved 1048576K
}
Event: 9.253 GC heap before
{Heap before GC invocations=41 (full 0):
 garbage-first heap   total 231424K, used 105264K [0x0000000740000000, 0x0000000800000000)
  region size 2048K, 3 young (6144K), 2 survivors (4096K)
 Metaspace       used 63341K, committed 64064K, reserved 1114112K
  class space    used 8860K, committed 9216K, reserved 1048576K
}
Event: 9.255 GC heap after
{Heap after GC invocations=42 (full 0):
 garbage-first heap   total 231424K, used 103111K [0x0000000740000000, 0x0000000800000000)
  region size 2048K, 2 young (4096K), 2 survivors (4096K)
 Metaspace       used 63341K, committed 64064K, reserved 1114112K
  class space    used 8860K, committed 9216K, reserved 1048576K
}
Event: 9.332 GC heap before
{Heap before GC invocations=42 (full 0):
 garbage-first heap   total 231424K, used 109255K [0x0000000740000000, 0x0000000800000000)
  region size 2048K, 5 young (10240K), 2 survivors (4096K)
 Metaspace       used 63511K, committed 64256K, reserved 1114112K
  class space    used 8882K, committed 9216K, reserved 1048576K
}
Event: 9.334 GC heap after
{Heap after GC invocations=43 (full 0):
 garbage-first heap   total 231424K, used 103518K [0x0000000740000000, 0x0000000800000000)
  region size 2048K, 2 young (4096K), 2 survivors (4096K)
 Metaspace       used 63511K, committed 64256K, reserved 1114112K
  class space    used 8882K, committed 9216K, reserved 1048576K
}
Event: 9.342 GC heap before
{Heap before GC invocations=43 (full 0):
 garbage-first heap   total 231424K, used 105566K [0x0000000740000000, 0x0000000800000000)
  region size 2048K, 3 young (6144K), 2 survivors (4096K)
 Metaspace       used 63522K, committed 64256K, reserved 1114112K
  class space    used 8883K, committed 9216K, reserved 1048576K
}
Event: 9.344 GC heap after
{Heap after GC invocations=44 (full 0):
 garbage-first heap   total 231424K, used 103514K [0x0000000740000000, 0x0000000800000000)
  region size 2048K, 2 young (4096K), 2 survivors (4096K)
 Metaspace       used 63522K, committed 64256K, reserved 1114112K
  class space    used 8883K, committed 9216K, reserved 1048576K
}
Event: 9.500 GC heap before
{Heap before GC invocations=44 (full 0):
 garbage-first heap   total 231424K, used 113754K [0x0000000740000000, 0x0000000800000000)
  region size 2048K, 7 young (14336K), 2 survivors (4096K)
 Metaspace       used 64811K, committed 65536K, reserved 1114112K
  class space    used 9013K, committed 9344K, reserved 1048576K
}
Event: 9.503 GC heap after
{Heap after GC invocations=45 (full 0):
 garbage-first heap   total 473088K, used 103873K [0x0000000740000000, 0x0000000800000000)
  region size 2048K, 2 young (4096K), 2 survivors (4096K)
 Metaspace       used 64811K, committed 65536K, reserved 1114112K
  class space    used 9013K, committed 9344K, reserved 1048576K
}
Event: 11.333 GC heap before
{Heap before GC invocations=45 (full 0):
 garbage-first heap   total 473088K, used 327105K [0x0000000740000000, 0x0000000800000000)
  region size 2048K, 61 young (124928K), 2 survivors (4096K)
 Metaspace       used 69471K, committed 70272K, reserved 1114112K
  class space    used 9720K, committed 10112K, reserved 1048576K
}
Event: 11.340 GC heap after
{Heap after GC invocations=46 (full 0):
 garbage-first heap   total 473088K, used 144917K [0x0000000740000000, 0x0000000800000000)
  region size 2048K, 8 young (16384K), 8 survivors (16384K)
 Metaspace       used 69471K, committed 70272K, reserved 1114112K
  class space    used 9720K, committed 10112K, reserved 1048576K
}
Event: 11.938 GC heap before
{Heap before GC invocations=46 (full 0):
 garbage-first heap   total 473088K, used 394773K [0x0000000740000000, 0x0000000800000000)
  region size 2048K, 117 young (239616K), 8 survivors (16384K)
 Metaspace       used 70070K, committed 70912K, reserved 1114112K
  class space    used 9792K, committed 10176K, reserved 1048576K
}
Event: 11.974 GC heap after
{Heap after GC invocations=47 (full 0):
 garbage-first heap   total 483328K, used 213537K [0x0000000740000000, 0x0000000800000000)
  region size 2048K, 15 young (30720K), 15 survivors (30720K)
 Metaspace       used 70070K, committed 70912K, reserved 1114112K
  class space    used 9792K, committed 10176K, reserved 1048576K
}
Event: 12.283 GC heap before
{Heap before GC invocations=47 (full 0):
 garbage-first heap   total 483328K, used 350753K [0x0000000740000000, 0x0000000800000000)
  region size 2048K, 82 young (167936K), 15 survivors (30720K)
 Metaspace       used 70092K, committed 70912K, reserved 1114112K
  class space    used 9796K, committed 10176K, reserved 1048576K
}
Event: 12.311 GC heap after
{Heap after GC invocations=48 (full 0):
 garbage-first heap   total 483328K, used 262249K [0x0000000740000000, 0x0000000800000000)
  region size 2048K, 11 young (22528K), 11 survivors (22528K)
 Metaspace       used 70092K, committed 70912K, reserved 1114112K
  class space    used 9796K, committed 10176K, reserved 1048576K
}

